<?xml version="1.0" encoding="UTF-8"?>
<robot generator="Robot 6.1.1 (Python 3.12.1 on win32)" generated="20231220 16:12:45.248" rpa="false" schemaversion="4">
<suite id="s1" name="Test" source="D:\ITstuff\GIT\test">
<suite id="s1-s1" name="Tests" source="D:\ITstuff\GIT\test\tests">
<suite id="s1-s1-s1" name="Faculty Page Tests" source="D:\ITstuff\GIT\test\tests\faculty_page_tests.robot">
<test id="s1-s1-s1-t1" name="Open Website" line="6">
<kw name="Open Browser" library="SeleniumLibrary">
<arg>https://www.cat.put.poznan.pl/</arg>
<arg>chrome</arg>
<doc>Opens a new browser instance to the optional ``url``.</doc>
<msg timestamp="20231220 16:12:46.142" level="INFO">Opening browser 'chrome' to base url 'https://www.cat.put.poznan.pl/'.</msg>
<status status="PASS" starttime="20231220 16:12:46.142" endtime="20231220 16:13:13.655"/>
</kw>
<kw name="Title Should Be" library="SeleniumLibrary">
<arg>CAT PUT Poznań</arg>
<doc>Verifies that the current page title equals ``title``.</doc>
<msg timestamp="20231220 16:13:14.910" level="INFO" html="true">&lt;/td&gt;&lt;/tr&gt;&lt;tr&gt;&lt;td colspan="3"&gt;&lt;a href="selenium-screenshot-53.png"&gt;&lt;img src="selenium-screenshot-53.png" width="800px"&gt;&lt;/a&gt;</msg>
<msg timestamp="20231220 16:13:14.910" level="FAIL">Title should have been 'CAT PUT Poznań' but was 'Strona główna | Wydział Informatyki i Telekomunikacji'.</msg>
<status status="FAIL" starttime="20231220 16:13:13.656" endtime="20231220 16:13:14.946"/>
</kw>
<status status="FAIL" starttime="20231220 16:12:46.141" endtime="20231220 16:13:14.947">Title should have been 'CAT PUT Poznań' but was 'Strona główna | Wydział Informatyki i Telekomunikacji'.</status>
</test>
<test id="s1-s1-s1-t2" name="Verify Page Elements" line="10">
<kw name="Page Should Contain Element" library="SeleniumLibrary">
<arg>id=logo</arg>
<doc>Verifies that element ``locator`` is found on the current page.</doc>
<msg timestamp="20231220 16:13:15.623" level="INFO" html="true">&lt;/td&gt;&lt;/tr&gt;&lt;tr&gt;&lt;td colspan="3"&gt;&lt;a href="selenium-screenshot-54.png"&gt;&lt;img src="selenium-screenshot-54.png" width="800px"&gt;&lt;/a&gt;</msg>
<msg timestamp="20231220 16:13:15.623" level="FAIL">Page should have contained element 'id=logo' but did not.</msg>
<status status="FAIL" starttime="20231220 16:13:14.950" endtime="20231220 16:13:15.652"/>
</kw>
<kw name="Page Should Contain Element" library="SeleniumLibrary">
<arg>xpath=//a[contains(text(),'About')]</arg>
<doc>Verifies that element ``locator`` is found on the current page.</doc>
<status status="NOT RUN" starttime="20231220 16:13:15.653" endtime="20231220 16:13:15.653"/>
</kw>
<kw name="Page Should Contain Element" library="SeleniumLibrary">
<arg>xpath=//a[contains(text(),'Courses')]</arg>
<doc>Verifies that element ``locator`` is found on the current page.</doc>
<status status="NOT RUN" starttime="20231220 16:13:15.653" endtime="20231220 16:13:15.654"/>
</kw>
<kw name="Page Should Contain Element" library="SeleniumLibrary">
<arg>xpath=//a[contains(text(),'Admissions')]</arg>
<doc>Verifies that element ``locator`` is found on the current page.</doc>
<status status="NOT RUN" starttime="20231220 16:13:15.654" endtime="20231220 16:13:15.654"/>
</kw>
<kw name="Page Should Contain Element" library="SeleniumLibrary">
<arg>xpath=//a[contains(text(),'Contact')]</arg>
<doc>Verifies that element ``locator`` is found on the current page.</doc>
<status status="NOT RUN" starttime="20231220 16:13:15.655" endtime="20231220 16:13:15.655"/>
</kw>
<status status="FAIL" starttime="20231220 16:13:14.949" endtime="20231220 16:13:15.655">Page should have contained element 'id=logo' but did not.</status>
</test>
<test id="s1-s1-s1-t3" name="Close Browser" line="17">
<kw name="Close Browser" library="SeleniumLibrary">
<doc>Closes the current browser.</doc>
<status status="PASS" starttime="20231220 16:13:15.657" endtime="20231220 16:13:18.045"/>
</kw>
<status status="PASS" starttime="20231220 16:13:15.657" endtime="20231220 16:13:18.046"/>
</test>
<doc>Basic tests for www.cat.put.poznan.pl</doc>
<status status="FAIL" starttime="20231220 16:12:45.324" endtime="20231220 16:13:18.048"/>
</suite>
<status status="FAIL" starttime="20231220 16:12:45.321" endtime="20231220 16:13:18.051"/>
</suite>
<status status="FAIL" starttime="20231220 16:12:45.256" endtime="20231220 16:13:18.054"/>
</suite>
<statistics>
<total>
<stat pass="1" fail="2" skip="0">All Tests</stat>
</total>
<tag>
</tag>
<suite>
<stat pass="1" fail="2" skip="0" id="s1" name="Test">Test</stat>
<stat pass="1" fail="2" skip="0" id="s1-s1" name="Tests">Test.Tests</stat>
<stat pass="1" fail="2" skip="0" id="s1-s1-s1" name="Faculty Page Tests">Test.Tests.Faculty Page Tests</stat>
</suite>
</statistics>
<errors>
</errors>
</robot>
